c:\users\гаррик\onedrive\документы\диплом\core\core\debug\vc140.pdb
c:\users\гаррик\onedrive\документы\диплом\core\core\debug\vc140.idb
c:\users\гаррик\onedrive\документы\диплом\core\core\debug\block.obj
c:\users\гаррик\onedrive\документы\диплом\core\core\debug\button.obj
c:\users\гаррик\onedrive\документы\диплом\core\core\debug\economicstructure.obj
c:\users\гаррик\onedrive\документы\диплом\core\core\debug\enviroment.obj
c:\users\гаррик\onedrive\документы\диплом\core\core\debug\graphics.obj
c:\users\гаррик\onedrive\документы\диплом\core\core\debug\main.obj
c:\users\гаррик\onedrive\документы\диплом\core\core\debug\map.obj
c:\users\гаррик\onedrive\документы\диплом\core\core\debug\provisionstructure.obj
c:\users\гаррик\onedrive\документы\диплом\core\core\debug\settlementinfo.obj
c:\users\гаррик\onedrive\документы\диплом\core\core\debug\socialstructure.obj
c:\users\гаррик\onedrive\документы\диплом\core\core\debug\soundclass.obj
c:\users\гаррик\onedrive\документы\диплом\core\core\debug\spritesheet.obj
c:\users\гаррик\onedrive\документы\диплом\core\core\debug\stdafx.obj
c:\users\гаррик\onedrive\документы\диплом\core\core\debug\text.obj
c:\users\гаррик\onedrive\документы\диплом\core\core\debug\userinterface.obj
c:\users\гаррик\onedrive\документы\диплом\core\core\debug\core.tlog\cl.command.1.tlog
c:\users\гаррик\onedrive\документы\диплом\core\core\debug\core.tlog\cl.read.1.tlog
c:\users\гаррик\onedrive\документы\диплом\core\core\debug\core.tlog\cl.write.1.tlog
